#
# A fatal error has been detected by the Java Runtime Environment:
#
#  Internal Error (javaClasses.cpp:129), pid=18808, tid=139941209552640
#  fatal error: Invalid layout of preloaded class
#
# JRE version: 7.0_21-b11
# Java VM: Java HotSpot(TM) 64-Bit Server VM (23.21-b01 mixed mode linux-amd64 compressed oops)
# Failed to write core dump. Core dumps have been disabled. To enable core dumping, try "ulimit -c unlimited" before starting Java again
#
# If you would like to submit a bug report, please visit:
#   http://bugreport.sun.com/bugreport/crash.jsp
#

---------------  T H R E A D  ---------------

Current thread (0x00007f4694009000):  JavaThread "Unknown thread" [_thread_in_vm, id=18809, stack(0x00007f469a05b000,0x00007f469a15c000)]

Stack: [0x00007f469a05b000,0x00007f469a15c000],  sp=0x00007f469a15a7e0,  free space=1021k
Native frames: (J=compiled Java code, j=interpreted, Vv=VM code, C=native code)
V  [libjvm.so+0x8a777a]  VMError::report_and_die()+0x2ea
V  [libjvm.so+0x40b859]  report_fatal(char const*, int, char const*)+0x59
V  [libjvm.so+0x556297]  compute_offset(int&, klassOopDesc*, Symbol*, Symbol*, bool)+0x137
V  [libjvm.so+0x557459]  java_lang_String::compute_offsets()+0x39
V  [libjvm.so+0x836883]  SystemDictionary::initialize_preloaded_classes(Thread*)+0x143
V  [libjvm.so+0x8829c4]  Universe::genesis(Thread*)+0x474
V  [libjvm.so+0x882e74]  universe2_init()+0x24
V  [libjvm.so+0x5046ad]  init_globals()+0xbd
V  [libjvm.so+0x869412]  Threads::create_vm(JavaVMInitArgs*, bool*)+0x1e2
V  [libjvm.so+0x564564]  JNI_CreateJavaVM+0x74
C  [libjli.so+0x2f8e]  JavaMain+0x9e


---------------  P R O C E S S  ---------------

Java Threads: ( => current thread )

Other Threads:

=>0x00007f4694009000 (exited) JavaThread "Unknown thread" [_thread_in_vm, id=18809, stack(0x00007f469a05b000,0x00007f469a15c000)]

VM state:not at safepoint (not fully initialized)

VM Mutex/Monitor currently owned by a thread: None

GC Heap History (0 events):
No events

Deoptimization events (0 events):
No events

Internal exceptions (0 events):
No events

Events (10 events):
Event: 0.006 loading class 0x00007f4694027420 done
Event: 0.006 loading class 0x00007f4694026cc0 done
Event: 0.006 loading class 0x00007f4694026c90
Event: 0.006 loading class 0x00007f4694051e80
Event: 0.006 loading class 0x00007f4694051e80 done
Event: 0.006 loading class 0x00007f4694051ec0
Event: 0.006 loading class 0x00007f4694051ec0 done
Event: 0.006 loading class 0x00007f4694051f00
Event: 0.006 loading class 0x00007f4694051f00 done
Event: 0.006 loading class 0x00007f4694026c90 done


Dynamic libraries:
00400000-00401000 r-xp 00000000 08:02 6034879                            /usr/lib/jvm/java-7-oracle/bin/java
00600000-00601000 rw-p 00000000 08:02 6034879                            /usr/lib/jvm/java-7-oracle/bin/java
02405000-02426000 rw-p 00000000 00:00 0                                  [heap]
bd000000-be4c0000 rw-p 00000000 00:00 0 
be4c0000-c2200000 rw-p 00000000 00:00 0 
c2200000-c4b40000 rw-p 00000000 00:00 0 
c4b40000-eb600000 rw-p 00000000 00:00 0 
eb600000-eca90000 rw-p 00000000 00:00 0 
eca90000-100000000 rw-p 00000000 00:00 0 
7f4680000000-7f4680021000 rw-p 00000000 00:00 0 
7f4680021000-7f4684000000 ---p 00000000 00:00 0 
7f4688000000-7f4688021000 rw-p 00000000 00:00 0 
7f4688021000-7f468c000000 ---p 00000000 00:00 0 
7f468d21d000-7f468d44c000 rw-p 00000000 00:00 0 
7f468d44c000-7f468d512000 r--s 0116f000 08:02 8922196                    /home/leowada/android-sdks/platforms/android-17/android.jar
7f468d512000-7f468ff1a000 rw-p 00000000 00:00 0 
7f468ff1a000-7f468ff1b000 ---p 00000000 00:00 0 
7f468ff1b000-7f4690030000 rw-p 00000000 00:00 0 
7f4690030000-7f4690165000 rw-p 00000000 00:00 0 
7f4690165000-7f4690170000 rw-p 00000000 00:00 0 
7f4690170000-7f469018e000 rw-p 00000000 00:00 0 
7f469018e000-7f46901a3000 rw-p 00000000 00:00 0 
7f46901a3000-7f46902d8000 rw-p 00000000 00:00 0 
7f46902d8000-7f46902e3000 rw-p 00000000 00:00 0 
7f46902e3000-7f469037d000 rw-p 00000000 00:00 0 
7f469037d000-7f469037e000 rw-p 00000000 00:00 0 
7f469037e000-7f46905ee000 rwxp 00000000 00:00 0 
7f46905ee000-7f469337e000 rw-p 00000000 00:00 0 
7f469337e000-7f4693398000 r-xp 00000000 08:02 5381399                    /usr/lib/jvm/java-7-oracle/jre/lib/amd64/libzip.so
7f4693398000-7f4693598000 ---p 0001a000 08:02 5381399                    /usr/lib/jvm/java-7-oracle/jre/lib/amd64/libzip.so
7f4693598000-7f4693599000 rw-p 0001a000 08:02 5381399                    /usr/lib/jvm/java-7-oracle/jre/lib/amd64/libzip.so
7f4693599000-7f46935a5000 r-xp 00000000 08:02 13113322                   /lib/x86_64-linux-gnu/libnss_files-2.15.so
7f46935a5000-7f46937a4000 ---p 0000c000 08:02 13113322                   /lib/x86_64-linux-gnu/libnss_files-2.15.so
7f46937a4000-7f46937a5000 r--p 0000b000 08:02 13113322                   /lib/x86_64-linux-gnu/libnss_files-2.15.so
7f46937a5000-7f46937a6000 rw-p 0000c000 08:02 13113322                   /lib/x86_64-linux-gnu/libnss_files-2.15.so
7f46937a6000-7f46937b0000 r-xp 00000000 08:02 13113318                   /lib/x86_64-linux-gnu/libnss_nis-2.15.so
7f46937b0000-7f46939b0000 ---p 0000a000 08:02 13113318                   /lib/x86_64-linux-gnu/libnss_nis-2.15.so
7f46939b0000-7f46939b1000 r--p 0000a000 08:02 13113318                   /lib/x86_64-linux-gnu/libnss_nis-2.15.so
7f46939b1000-7f46939b2000 rw-p 0000b000 08:02 13113318                   /lib/x86_64-linux-gnu/libnss_nis-2.15.so
7f46939b2000-7f46939c9000 r-xp 00000000 08:02 13113331                   /lib/x86_64-linux-gnu/libnsl-2.15.so
7f46939c9000-7f4693bc8000 ---p 00017000 08:02 13113331                   /lib/x86_64-linux-gnu/libnsl-2.15.so
7f4693bc8000-7f4693bc9000 r--p 00016000 08:02 13113331                   /lib/x86_64-linux-gnu/libnsl-2.15.so
7f4693bc9000-7f4693bca000 rw-p 00017000 08:02 13113331                   /lib/x86_64-linux-gnu/libnsl-2.15.so
7f4693bca000-7f4693bcc000 rw-p 00000000 00:00 0 
7f4693bcc000-7f4693bd4000 r-xp 00000000 08:02 13113323                   /lib/x86_64-linux-gnu/libnss_compat-2.15.so
7f4693bd4000-7f4693dd3000 ---p 00008000 08:02 13113323                   /lib/x86_64-linux-gnu/libnss_compat-2.15.so
7f4693dd3000-7f4693dd4000 r--p 00007000 08:02 13113323                   /lib/x86_64-linux-gnu/libnss_compat-2.15.so
7f4693dd4000-7f4693dd5000 rw-p 00008000 08:02 13113323                   /lib/x86_64-linux-gnu/libnss_compat-2.15.so
7f4693dd5000-7f4693dfe000 r-xp 00000000 08:02 5381519                    /usr/lib/jvm/java-7-oracle/jre/lib/amd64/libjava.so
7f4693dfe000-7f4693ffe000 ---p 00029000 08:02 5381519                    /usr/lib/jvm/java-7-oracle/jre/lib/amd64/libjava.so
7f4693ffe000-7f4694000000 rw-p 00029000 08:02 5381519                    /usr/lib/jvm/java-7-oracle/jre/lib/amd64/libjava.so
7f4694000000-7f469405b000 rw-p 00000000 00:00 0 
7f469405b000-7f4698000000 ---p 00000000 00:00 0 
7f4698001000-7f4698002000 ---p 00000000 00:00 0 
7f4698002000-7f469810d000 rw-p 00000000 00:00 0 
7f469810d000-7f469812b000 rw-p 00000000 00:00 0 
7f469812b000-7f4698138000 r-xp 00000000 08:02 5381517                    /usr/lib/jvm/java-7-oracle/jre/lib/amd64/libverify.so
7f4698138000-7f4698337000 ---p 0000d000 08:02 5381517                    /usr/lib/jvm/java-7-oracle/jre/lib/amd64/libverify.so
7f4698337000-7f4698339000 rw-p 0000c000 08:02 5381517                    /usr/lib/jvm/java-7-oracle/jre/lib/amd64/libverify.so
7f4698339000-7f4698340000 r-xp 00000000 08:02 13113316                   /lib/x86_64-linux-gnu/librt-2.15.so
7f4698340000-7f469853f000 ---p 00007000 08:02 13113316                   /lib/x86_64-linux-gnu/librt-2.15.so
7f469853f000-7f4698540000 r--p 00006000 08:02 13113316                   /lib/x86_64-linux-gnu/librt-2.15.so
7f4698540000-7f4698541000 rw-p 00007000 08:02 13113316                   /lib/x86_64-linux-gnu/librt-2.15.so
7f4698541000-7f469863c000 r-xp 00000000 08:02 13113320                   /lib/x86_64-linux-gnu/libm-2.15.so
7f469863c000-7f469883b000 ---p 000fb000 08:02 13113320                   /lib/x86_64-linux-gnu/libm-2.15.so
7f469883b000-7f469883c000 r--p 000fa000 08:02 13113320                   /lib/x86_64-linux-gnu/libm-2.15.so
7f469883c000-7f469883d000 rw-p 000fb000 08:02 13113320                   /lib/x86_64-linux-gnu/libm-2.15.so
7f469883d000-7f4699287000 r-xp 00000000 08:02 5506480                    /usr/lib/jvm/java-7-oracle/jre/lib/amd64/server/libjvm.so
7f4699287000-7f4699486000 ---p 00a4a000 08:02 5506480                    /usr/lib/jvm/java-7-oracle/jre/lib/amd64/server/libjvm.so
7f4699486000-7f469952a000 rw-p 00a49000 08:02 5506480                    /usr/lib/jvm/java-7-oracle/jre/lib/amd64/server/libjvm.so
7f469952a000-7f4699565000 rw-p 00000000 00:00 0 
7f4699565000-7f469971a000 r-xp 00000000 08:02 13113312                   /lib/x86_64-linux-gnu/libc-2.15.so
7f469971a000-7f4699919000 ---p 001b5000 08:02 13113312                   /lib/x86_64-linux-gnu/libc-2.15.so
7f4699919000-7f469991d000 r--p 001b4000 08:02 13113312                   /lib/x86_64-linux-gnu/libc-2.15.so
7f469991d000-7f469991f000 rw-p 001b8000 08:02 13113312                   /lib/x86_64-linux-gnu/libc-2.15.so
7f469991f000-7f4699924000 rw-p 00000000 00:00 0 
7f4699924000-7f4699926000 r-xp 00000000 08:02 13110914                   /lib/x86_64-linux-gnu/libdl-2.15.so
7f4699926000-7f4699b26000 ---p 00002000 08:02 13110914                   /lib/x86_64-linux-gnu/libdl-2.15.so
7f4699b26000-7f4699b27000 r--p 00002000 08:02 13110914                   /lib/x86_64-linux-gnu/libdl-2.15.so
7f4699b27000-7f4699b28000 rw-p 00003000 08:02 13110914                   /lib/x86_64-linux-gnu/libdl-2.15.so
7f4699b28000-7f4699b3e000 r-xp 00000000 08:02 5775928                    /usr/lib/jvm/java-7-oracle/jre/lib/amd64/jli/libjli.so
7f4699b3e000-7f4699d3e000 ---p 00016000 08:02 5775928                    /usr/lib/jvm/java-7-oracle/jre/lib/amd64/jli/libjli.so
7f4699d3e000-7f4699d3f000 rw-p 00016000 08:02 5775928                    /usr/lib/jvm/java-7-oracle/jre/lib/amd64/jli/libjli.so
7f4699d3f000-7f4699d57000 r-xp 00000000 08:02 13113314                   /lib/x86_64-linux-gnu/libpthread-2.15.so
7f4699d57000-7f4699f56000 ---p 00018000 08:02 13113314                   /lib/x86_64-linux-gnu/libpthread-2.15.so
7f4699f56000-7f4699f57000 r--p 00017000 08:02 13113314                   /lib/x86_64-linux-gnu/libpthread-2.15.so
7f4699f57000-7f4699f58000 rw-p 00018000 08:02 13113314                   /lib/x86_64-linux-gnu/libpthread-2.15.so
7f4699f58000-7f4699f5c000 rw-p 00000000 00:00 0 
7f4699f5c000-7f4699f7e000 r-xp 00000000 08:02 13113326                   /lib/x86_64-linux-gnu/ld-2.15.so
7f4699f9b000-7f4699fa5000 rw-p 00000000 00:00 0 
7f4699fa5000-7f469a05b000 rw-p 00000000 00:00 0 
7f469a05b000-7f469a05e000 ---p 00000000 00:00 0 
7f469a05e000-7f469a160000 rw-p 00000000 00:00 0 
7f469a171000-7f469a172000 rw-p 00000000 00:00 0 
7f469a172000-7f469a17a000 rw-s 00000000 08:02 10490635                   /tmp/hsperfdata_leowada/18808
7f469a17a000-7f469a17b000 rw-p 00000000 00:00 0 
7f469a17b000-7f469a17c000 r--p 00000000 00:00 0 
7f469a17c000-7f469a17e000 rw-p 00000000 00:00 0 
7f469a17e000-7f469a17f000 r--p 00022000 08:02 13113326                   /lib/x86_64-linux-gnu/ld-2.15.so
7f469a17f000-7f469a181000 rw-p 00023000 08:02 13113326                   /lib/x86_64-linux-gnu/ld-2.15.so
7fff067b6000-7fff067d7000 rw-p 00000000 00:00 0                          [stack]
7fff067ff000-7fff06800000 r-xp 00000000 00:00 0                          [vdso]
ffffffffff600000-ffffffffff601000 r-xp 00000000 00:00 0                  [vsyscall]

VM Arguments:
jvm_args: -Dfile.encoding=UTF-8 -Xbootclasspath:/home/leowada/android-sdks/platforms/android-17/android.jar 
java_command: org.eclipse.jdt.internal.junit.runner.RemoteTestRunner -version 3 -port 34705 -testLoaderClass org.eclipse.jdt.internal.junit4.runner.JUnit4TestLoader -loaderpluginname org.eclipse.jdt.junit4.runtime -test com.wada.gesprek.test.MensagemTest:test
Launcher Type: SUN_STANDARD

Environment Variables:
PATH=/usr/lib/lightdm/lightdm:/usr/local/sbin:/usr/local/bin:/usr/sbin:/usr/bin:/sbin:/bin:/usr/games
SHELL=/bin/bash
DISPLAY=:0

Signal Handlers:
SIGSEGV: [libjvm.so+0x8a80e0], sa_mask[0]=0x7ffbfeff, sa_flags=0x10000004
SIGBUS: [libjvm.so+0x8a80e0], sa_mask[0]=0x7ffbfeff, sa_flags=0x10000004
SIGFPE: [libjvm.so+0x744170], sa_mask[0]=0x7ffbfeff, sa_flags=0x10000004
SIGPIPE: [libjvm.so+0x744170], sa_mask[0]=0x7ffbfeff, sa_flags=0x10000004
SIGXFSZ: [libjvm.so+0x744170], sa_mask[0]=0x7ffbfeff, sa_flags=0x10000004
SIGILL: [libjvm.so+0x744170], sa_mask[0]=0x7ffbfeff, sa_flags=0x10000004
SIGUSR1: SIG_DFL, sa_mask[0]=0x00000000, sa_flags=0x00000000
SIGUSR2: [libjvm.so+0x743ac0], sa_mask[0]=0x00000004, sa_flags=0x10000004
SIGHUP: SIG_DFL, sa_mask[0]=0x00000000, sa_flags=0x00000000
SIGINT: SIG_DFL, sa_mask[0]=0x00000000, sa_flags=0x00000000
SIGTERM: SIG_DFL, sa_mask[0]=0x00000000, sa_flags=0x00000000
SIGQUIT: SIG_DFL, sa_mask[0]=0x00000000, sa_flags=0x00000000


---------------  S Y S T E M  ---------------

OS:wheezy/sid

uname:Linux 3.2.0-48-generic #74-Ubuntu SMP Thu Jun 6 19:43:26 UTC 2013 x86_64
libc:glibc 2.15 NPTL 2.15 
rlimit: STACK 8192k, CORE 0k, NPROC 31496, NOFILE 4096, AS infinity
load average:0.50 0.53 0.58

/proc/meminfo:
MemTotal:        4049168 kB
MemFree:          894880 kB
Buffers:           49500 kB
Cached:           783924 kB
SwapCached:        19320 kB
Active:          1785968 kB
Inactive:         948376 kB
Active(anon):    1422280 kB
Inactive(anon):   480812 kB
Active(file):     363688 kB
Inactive(file):   467564 kB
Unevictable:           0 kB
Mlocked:               0 kB
SwapTotal:       9764860 kB
SwapFree:        9593384 kB
Dirty:               360 kB
Writeback:             0 kB
AnonPages:       1884888 kB
Mapped:           206508 kB
Shmem:              2172 kB
Slab:              93488 kB
SReclaimable:      61964 kB
SUnreclaim:        31524 kB
KernelStack:        4256 kB
PageTables:        42336 kB
NFS_Unstable:          0 kB
Bounce:                0 kB
WritebackTmp:          0 kB
CommitLimit:    11789444 kB
Committed_AS:    5593016 kB
VmallocTotal:   34359738367 kB
VmallocUsed:      306996 kB
VmallocChunk:   34359425024 kB
HardwareCorrupted:     0 kB
AnonHugePages:         0 kB
HugePages_Total:       0
HugePages_Free:        0
HugePages_Rsvd:        0
HugePages_Surp:        0
Hugepagesize:       2048 kB
DirectMap4k:      773632 kB
DirectMap2M:     3420160 kB


CPU:total 2 (2 cores per cpu, 1 threads per core) family 6 model 23 stepping 10, cmov, cx8, fxsr, mmx, sse, sse2, sse3, ssse3, sse4.1, tsc

/proc/cpuinfo:
processor	: 0
vendor_id	: GenuineIntel
cpu family	: 6
model		: 23
model name	: Intel(R) Core(TM)2 Duo CPU     E8400  @ 3.00GHz
stepping	: 10
microcode	: 0xa07
cpu MHz		: 2997.000
cache size	: 6144 KB
physical id	: 0
siblings	: 2
core id		: 0
cpu cores	: 2
apicid		: 0
initial apicid	: 0
fpu		: yes
fpu_exception	: yes
cpuid level	: 13
wp		: yes
flags		: fpu vme de pse tsc msr pae mce cx8 apic sep mtrr pge mca cmov pat pse36 clflush dts acpi mmx fxsr sse sse2 ss ht tm pbe syscall nx lm constant_tsc arch_perfmon pebs bts rep_good nopl aperfmperf pni dtes64 monitor ds_cpl vmx smx est tm2 ssse3 cx16 xtpr pdcm sse4_1 xsave lahf_lm dtherm tpr_shadow vnmi flexpriority
bogomips	: 5998.59
clflush size	: 64
cache_alignment	: 64
address sizes	: 36 bits physical, 48 bits virtual
power management:

processor	: 1
vendor_id	: GenuineIntel
cpu family	: 6
model		: 23
model name	: Intel(R) Core(TM)2 Duo CPU     E8400  @ 3.00GHz
stepping	: 10
microcode	: 0xa07
cpu MHz		: 2997.000
cache size	: 6144 KB
physical id	: 0
siblings	: 2
core id		: 1
cpu cores	: 2
apicid		: 1
initial apicid	: 1
fpu		: yes
fpu_exception	: yes
cpuid level	: 13
wp		: yes
flags		: fpu vme de pse tsc msr pae mce cx8 apic sep mtrr pge mca cmov pat pse36 clflush dts acpi mmx fxsr sse sse2 ss ht tm pbe syscall nx lm constant_tsc arch_perfmon pebs bts rep_good nopl aperfmperf pni dtes64 monitor ds_cpl vmx smx est tm2 ssse3 cx16 xtpr pdcm sse4_1 xsave lahf_lm dtherm tpr_shadow vnmi flexpriority
bogomips	: 5999.29
clflush size	: 64
cache_alignment	: 64
address sizes	: 36 bits physical, 48 bits virtual
power management:



Memory: 4k page, physical 4049168k(894880k free), swap 9764860k(9593384k free)

vm_info: Java HotSpot(TM) 64-Bit Server VM (23.21-b01) for linux-amd64 JRE (1.7.0_21-b11), built on Apr  4 2013 04:03:29 by "java_re" with gcc 4.3.0 20080428 (Red Hat 4.3.0-8)

time: Wed Jun 19 01:47:45 2013
elapsed time: 0 seconds

